<?xml version="1.0" encoding="UTF-8" standalone="yes"?><!DOCTYPE report PUBLIC "-//JACOCO//DTD Report 1.0//EN" "report.dtd"><report name="AptSpringModel"><sessioninfo id="rex-hoffma-wsm2.internal.salesforce.com-a79a5eea" start="1517959633082" dump="1517959633917"/><sessioninfo id="rex-hoffma-wsm2.internal.salesforce.com-694bb324" start="1517960552085" dump="1517960552907"/><sessioninfo id="rex-hoffma-wsm2.internal.salesforce.com-5b949477" start="1517960903331" dump="1517960904157"/><sessioninfo id="rex-hoffma-wsm2.internal.salesforce.com-fada3f66" start="1517961453643" dump="1517961454489"/><sessioninfo id="rex-hoffma-wsm2.internal.salesforce.com-d9a7994e" start="1517962547030" dump="1517962547887"/><sessioninfo id="rex-hoffma-wsm2.internal.salesforce.com-afe0123d" start="1517962802272" dump="1517962803140"/><sessioninfo id="rex-hoffma-wsm2.internal.salesforce.com-90a5ce91" start="1517963083364" dump="1517963084196"/><sessioninfo id="rex-hoffma-wsm2.internal.salesforce.com-e5d847c3" start="1517963338602" dump="1517963339402"/><sessioninfo id="rex-hoffma-wsm2.internal.salesforce.com-b6b2874e" start="1517964060858" dump="1517964061627"/></report>