<?xml version="1.0" encoding="UTF-8" standalone="yes"?><!DOCTYPE report PUBLIC "-//JACOCO//DTD Report 1.0//EN" "report.dtd"><report name="AptSpringModel"><sessioninfo id="rex-hoffma-ltm1.internal.salesforce.com-cfd7fca8" start="1504972007495" dump="1504972009371"/><sessioninfo id="rex-hoffma-ltm1.internal.salesforce.com-3cbbad3c" start="1504972083340" dump="1504972085267"/><sessioninfo id="rex-hoffma-ltm1.internal.salesforce.com-58e9e274" start="1504972832966" dump="1504972834916"/><sessioninfo id="rex-hoffma-ltm1.internal.salesforce.com-4c2a30a" start="1504972923588" dump="1504972925451"/><sessioninfo id="rex-hoffma-ltm1.internal.salesforce.com-17702d61" start="1505054213849" dump="1505054214902"/><sessioninfo id="rex-hoffma-ltm1.internal.salesforce.com-13a46746" start="1505069492673" dump="1505069493800"/></report>